<?xml version="1.0" encoding="utf-8"?><testsuites name="pytest tests"><testsuite name="pytest" errors="0" failures="0" skipped="0" tests="14" time="7.665" timestamp="2026-03-18T12:08:51.385052+00:00" hostname="agent-env-53552151-f2a1-457a-a5a3-502db229f264"><testcase classname="backend.tests.test_iteration18.TestHealthEndpoint" name="test_health_returns_ok_true" time="0.438" /><testcase classname="backend.tests.test_iteration18.TestAuthLogin" name="test_login_returns_access_token" time="0.504" /><testcase classname="backend.tests.test_iteration18.TestExercisesEndpoint" name="test_exercises_returns_array_with_limit" time="0.366" /><testcase classname="backend.tests.test_iteration18.TestExerciseStatsWithHistory" name="test_exercise_stats_returns_history_array" time="0.981" /><testcase classname="backend.tests.test_iteration18.TestExerciseStatsWithHistory" name="test_exercise_stats_has_required_fields" time="0.455" /><testcase classname="backend.tests.test_iteration18.TestExerciseStatsWithHistory" name="test_exercise_stats_has_pbs_for_completed_exercise" time="0.467" /><testcase classname="backend.tests.test_iteration18.TestExerciseStatsWithHistory" name="test_exercise_stats_has_last_session" time="0.389" /><testcase classname="backend.tests.test_iteration18.TestExerciseStatsNonexistent" name="test_nonexistent_exercise_returns_200_not_error" time="0.396" /><testcase classname="backend.tests.test_iteration18.TestExerciseStatsNonexistent" name="test_nonexistent_exercise_returns_empty_history_array" time="0.390" /><testcase classname="backend.tests.test_iteration18.TestExerciseStatsNonexistent" name="test_nonexistent_exercise_has_null_pbs_and_lastSession" time="0.396" /><testcase classname="backend.tests.test_iteration18.TestExerciseStatsNonexistent" name="test_nonexistent_exercise_structure_for_ui" time="0.387" /><testcase classname="backend.tests.test_iteration18.TestStatsFavorites" name="test_favorites_returns_array" time="0.844" /><testcase classname="backend.tests.test_iteration18.TestStatsFavorites" name="test_favorites_have_required_fields" time="0.743" /><testcase classname="backend.tests.test_iteration18.TestExerciseStatsIntegration" name="test_full_exercise_detail_flow" time="0.835" /></testsuite></testsuites>