<?xml version="1.0" encoding="utf-8"?><testsuites name="pytest tests"><testsuite name="pytest" errors="0" failures="0" skipped="0" tests="18" time="5.988" timestamp="2026-02-17T12:56:50.405014+00:00" hostname="agent-env-53552151-f2a1-457a-a5a3-502db229f264"><testcase classname="backend.tests.test_iteration14.TestFeature1_ExercisesWithVideoURLs" name="test_exercises_endpoint_returns_5_exercises" time="0.843" /><testcase classname="backend.tests.test_iteration14.TestFeature1_ExercisesWithVideoURLs" name="test_exercises_have_video_urls" time="0.240" /><testcase classname="backend.tests.test_iteration14.TestFeature1_ExercisesWithVideoURLs" name="test_exercises_response_structure" time="0.281" /><testcase classname="backend.tests.test_iteration14.TestFeature2_HealthEndpoint" name="test_health_returns_ok_true" time="0.251" /><testcase classname="backend.tests.test_iteration14.TestFeature2_HealthEndpoint" name="test_health_has_timestamp" time="0.214" /><testcase classname="backend.tests.test_iteration14.TestFeature2_HealthEndpoint" name="test_health_has_feature_flags" time="0.210" /><testcase classname="backend.tests.test_iteration14.TestFeature2_HealthEndpoint" name="test_health_db_ok" time="0.219" /><testcase classname="backend.tests.test_iteration14.TestFeature3_UserScheduleEndpoint" name="test_user_schedule_requires_auth" time="0.147" /><testcase classname="backend.tests.test_iteration14.TestFeature3_UserScheduleEndpoint" name="test_user_schedule_requires_date_params" time="0.576" /><testcase classname="backend.tests.test_iteration14.TestFeature3_UserScheduleEndpoint" name="test_user_schedule_returns_workouts" time="0.407" /><testcase classname="backend.tests.test_iteration14.TestFeature3_UserScheduleEndpoint" name="test_user_schedule_workout_structure" time="0.304" /><testcase classname="backend.tests.test_iteration14.TestFeature4_BackendServerRunning" name="test_server_responding" time="0.210" /><testcase classname="backend.tests.test_iteration14.TestFeature4_BackendServerRunning" name="test_version_endpoint" time="0.147" /><testcase classname="backend.tests.test_iteration14.TestFeature4_BackendServerRunning" name="test_multiple_endpoints_respond" time="0.606" /><testcase classname="backend.tests.test_iteration14.TestFeature5_AuthLogin" name="test_login_success" time="0.339" /><testcase classname="backend.tests.test_iteration14.TestFeature5_AuthLogin" name="test_login_returns_user_data" time="0.342" /><testcase classname="backend.tests.test_iteration14.TestFeature5_AuthLogin" name="test_login_invalid_credentials" time="0.314" /><testcase classname="backend.tests.test_iteration14.TestFeature5_AuthLogin" name="test_login_missing_password" time="0.216" /></testsuite></testsuites>