<?xml version="1.0" encoding="utf-8"?><testsuites name="pytest tests"><testsuite name="pytest" errors="0" failures="0" skipped="0" tests="13" time="27.761" timestamp="2026-02-18T12:20:22.661306+00:00" hostname="agent-env-53552151-f2a1-457a-a5a3-502db229f264"><testcase classname="backend.tests.test_iteration15.TestFeature1_CoachCompassionNegativeFeelings" name="test_coach_empathy_for_feeling_weak" time="5.521" /><testcase classname="backend.tests.test_iteration15.TestFeature1_CoachCompassionNegativeFeelings" name="test_coach_empathy_for_stressed_user" time="5.981" /><testcase classname="backend.tests.test_iteration15.TestFeature2_CoachPositiveEnergy" name="test_coach_matches_positive_energy" time="4.700" /><testcase classname="backend.tests.test_iteration15.TestFeature2_CoachPositiveEnergy" name="test_coach_celebrates_motivation" time="9.260" /><testcase classname="backend.tests.test_iteration15.TestFeature3_HealthEndpoint" name="test_health_returns_ok_true" time="0.363" /><testcase classname="backend.tests.test_iteration15.TestFeature3_HealthEndpoint" name="test_health_shows_ai_enabled" time="0.220" /><testcase classname="backend.tests.test_iteration15.TestFeature3_HealthEndpoint" name="test_health_db_ok" time="0.215" /><testcase classname="backend.tests.test_iteration15.TestFeature4_AuthLogin" name="test_login_returns_access_token" time="0.345" /><testcase classname="backend.tests.test_iteration15.TestFeature4_AuthLogin" name="test_login_returns_user_data" time="0.352" /><testcase classname="backend.tests.test_iteration15.TestFeature5_ExercisesWithVideoURLs" name="test_exercises_have_video_urls" time="0.277" /><testcase classname="backend.tests.test_iteration15.TestFeature6_WorkoutGeneratorSetType" name="test_workout_generate_endpoint_exists" time="0.127" /><testcase classname="backend.tests.test_iteration15.TestFeature6_WorkoutGeneratorSetType" name="test_workout_generate_custom_endpoint" time="0.112" /><testcase classname="backend.tests.test_iteration15.TestCoachAuthRequirement" name="test_coach_requires_auth" time="0.123" /></testsuite></testsuites>