<?xml version="1.0" encoding="utf-8"?><testsuites name="pytest tests"><testsuite name="pytest" errors="0" failures="0" skipped="0" tests="15" time="11.246" timestamp="2026-02-13T15:34:20.897251+00:00" hostname="agent-env-8619ee0d-b5f3-4dd5-a705-28a631e87526"><testcase classname="backend.tests.test_iteration13.TestHealthEndpoint" name="test_health_returns_ok" time="0.451" /><testcase classname="backend.tests.test_iteration13.TestAuthentication" name="test_login_returns_access_token" time="0.235" /><testcase classname="backend.tests.test_iteration13.TestCoachChat" name="test_coach_chat_requires_auth" time="0.003" /><testcase classname="backend.tests.test_iteration13.TestCoachChat" name="test_coach_chat_with_auth_returns_response" time="2.961" /><testcase classname="backend.tests.test_iteration13.TestCoachChat" name="test_coach_chat_compassionate_response" time="6.634" /><testcase classname="backend.tests.test_iteration13.TestExerciseExactMatch" name="test_exact_match_barbell_bench_press" time="0.689" /><testcase classname="backend.tests.test_iteration13.TestExerciseExactMatch" name="test_no_fuzzy_match_for_fake_exercise" time="0.216" /><testcase classname="backend.tests.test_iteration13.TestCodeReviewVerification" name="test_ai_workout_generator_exact_match_only" time="0.000" /><testcase classname="backend.tests.test_iteration13.TestCodeReviewVerification" name="test_tour_steps_has_8_steps" time="0.000" /><testcase classname="backend.tests.test_iteration13.TestCodeReviewVerification" name="test_layout_renders_onboarding_tour" time="0.000" /><testcase classname="backend.tests.test_iteration13.TestCodeReviewVerification" name="test_index_no_longer_imports_onboarding_tour" time="0.000" /><testcase classname="backend.tests.test_iteration13.TestCodeReviewVerification" name="test_workout_hub_drops_state_is_array_of_3" time="0.000" /><testcase classname="backend.tests.test_iteration13.TestCodeReviewVerification" name="test_ai_coach_service_has_memory_functions" time="0.000" /><testcase classname="backend.tests.test_iteration13.TestCodeReviewVerification" name="test_pro_page_marketing_copy" time="0.000" /><testcase classname="backend.tests.test_iteration13.TestCodeReviewVerification" name="test_awards_store_island_progress_uses_full_count" time="0.000" /></testsuite></testsuites>