<?xml version="1.0" encoding="utf-8"?><testsuites name="pytest tests"><testsuite name="pytest" errors="0" failures="0" skipped="0" tests="19" time="11.075" timestamp="2026-03-18T12:01:28.598387+00:00" hostname="agent-env-53552151-f2a1-457a-a5a3-502db229f264"><testcase classname="backend.tests.test_iteration17.TestFeature1_HealthEndpoint" name="test_health_returns_ok_true" time="0.719" /><testcase classname="backend.tests.test_iteration17.TestFeature1_HealthEndpoint" name="test_health_has_required_fields" time="0.393" /><testcase classname="backend.tests.test_iteration17.TestFeature1_HealthEndpoint" name="test_health_shows_features_enabled" time="0.420" /><testcase classname="backend.tests.test_iteration17.TestFeature2_AuthLogin" name="test_login_returns_access_token" time="0.537" /><testcase classname="backend.tests.test_iteration17.TestFeature2_AuthLogin" name="test_login_returns_user_data" time="0.509" /><testcase classname="backend.tests.test_iteration17.TestFeature2_AuthLogin" name="test_login_invalid_credentials_fails" time="0.385" /><testcase classname="backend.tests.test_iteration17.TestFeature3_ExercisesWithVideoURL" name="test_exercises_returns_array" time="0.309" /><testcase classname="backend.tests.test_iteration17.TestFeature3_ExercisesWithVideoURL" name="test_exercises_have_video_urls" time="0.385" /><testcase classname="backend.tests.test_iteration17.TestFeature3_ExercisesWithVideoURL" name="test_exercises_have_required_fields" time="0.316" /><testcase classname="backend.tests.test_iteration17.TestFeature4_StatsFavorites" name="test_favorites_requires_auth" time="0.219" /><testcase classname="backend.tests.test_iteration17.TestFeature4_StatsFavorites" name="test_favorites_returns_array" time="1.143" /><testcase classname="backend.tests.test_iteration17.TestFeature4_StatsFavorites" name="test_favorites_have_required_fields" time="0.733" /><testcase classname="backend.tests.test_iteration17.TestFeature4_StatsFavorites" name="test_favorites_actualPB_is_numeric" time="0.782" /><testcase classname="backend.tests.test_iteration17.TestFeature5_BadgesProgress" name="test_badges_progress_requires_auth" time="0.312" /><testcase classname="backend.tests.test_iteration17.TestFeature5_BadgesProgress" name="test_badges_progress_returns_array" time="0.465" /><testcase classname="backend.tests.test_iteration17.TestFeature5_BadgesProgress" name="test_badges_have_completion_fields" time="0.539" /><testcase classname="backend.tests.test_iteration17.TestFeature5_BadgesProgress" name="test_badges_completed_status" time="0.557" /><testcase classname="backend.tests.test_iteration17.TestFeature5_BadgesProgress" name="test_badges_island_data" time="0.466" /><testcase classname="backend.tests.test_iteration17.TestIntegration_AuthenticatedFlow" name="test_full_auth_flow" time="1.675" /></testsuite></testsuites>