<?xml version="1.0" encoding="utf-8"?><testsuites name="pytest tests"><testsuite name="pytest" errors="0" failures="0" skipped="0" tests="16" time="2.535" timestamp="2026-02-13T13:19:20.556934+00:00" hostname="agent-env-8619ee0d-b5f3-4dd5-a705-28a631e87526"><testcase classname="tests.test_exercise_matching_and_billing.TestHealthEndpoint" name="test_health_returns_ok" time="0.104" /><testcase classname="tests.test_exercise_matching_and_billing.TestExerciseExactMatching" name="test_exact_match_barbell_bench_press" time="0.687" /><testcase classname="tests.test_exercise_matching_and_billing.TestExerciseExactMatching" name="test_no_fuzzy_match_fake_exercise" time="0.214" /><testcase classname="tests.test_exercise_matching_and_billing.TestExerciseExactMatching" name="test_no_fuzzy_match_incline_dumbbell_press" time="0.210" /><testcase classname="tests.test_exercise_matching_and_billing.TestExerciseExactMatching" name="test_exact_match_multiple_exercises" time="0.123" /><testcase classname="tests.test_exercise_matching_and_billing.TestExerciseExactMatching" name="test_case_insensitive_exact_match" time="0.131" /><testcase classname="tests.test_exercise_matching_and_billing.TestExerciseExactMatching" name="test_exact_match_mixed_existing_and_nonexisting" time="0.124" /><testcase classname="tests.test_exercise_matching_and_billing.TestExerciseDatabase" name="test_database_has_expected_exercise_names" time="0.618" /><testcase classname="tests.test_exercise_matching_and_billing.TestExerciseDatabase" name="test_dumbbell_curl_does_not_exist" time="0.123" /><testcase classname="tests.test_exercise_matching_and_billing.TestExerciseDatabase" name="test_exercise_count_is_over_1000" time="0.139" /><testcase classname="tests.test_exercise_matching_and_billing.TestBillingPageCodeReview" name="test_billing_page_plans_structure" time="0.000" /><testcase classname="tests.test_exercise_matching_and_billing.TestBillingPageCodeReview" name="test_billing_page_monthly_price" time="0.000" /><testcase classname="tests.test_exercise_matching_and_billing.TestBillingPageCodeReview" name="test_billing_page_yearly_price_and_discount" time="0.000" /><testcase classname="tests.test_exercise_matching_and_billing.TestBillingPageCodeReview" name="test_billing_page_yearly_is_popular" time="0.000" /><testcase classname="tests.test_exercise_matching_and_billing.TestBillingPageCodeReview" name="test_billing_page_default_selected_plan" time="0.000" /><testcase classname="tests.test_exercise_matching_and_billing.TestBillingPageCodeReview" name="test_billing_page_monthly_equiv_calculation" time="0.000" /></testsuite></testsuites>