<?xml version="1.0" encoding="utf-8"?><testsuites name="pytest tests"><testsuite name="pytest" errors="0" failures="1" skipped="0" tests="23" time="5.020" timestamp="2026-02-13T15:06:31.119981+00:00" hostname="agent-env-8619ee0d-b5f3-4dd5-a705-28a631e87526"><testcase classname="backend.tests.test_iteration12.TestHealthEndpoint" name="test_health_returns_ok" time="0.457" /><testcase classname="backend.tests.test_iteration12.TestExerciseExactMatching" name="test_exact_match_barbell_bench_press" time="0.695" /><testcase classname="backend.tests.test_iteration12.TestCoachChatAPI" name="test_coach_chat_requires_auth" time="0.003" /><testcase classname="backend.tests.test_iteration12.TestCoachChatAPI" name="test_coach_chat_with_auth_returns_response" time="3.378" /><testcase classname="backend.tests.test_iteration12.TestCodeReviewFloatingCoachButton" name="test_help_keyword_matching" time="0.036" /><testcase classname="backend.tests.test_iteration12.TestCodeReviewProPaywallModal" name="test_pricing_shows_correct_amount" time="0.002" /><testcase classname="backend.tests.test_iteration12.TestCodeReviewProPaywallModal" name="test_features_include_nutrition_social" time="0.000" /><testcase classname="backend.tests.test_iteration12.TestCodeReviewProPaywallModal" name="test_no_coach_personality_selection" time="0.000" /><testcase classname="backend.tests.test_iteration12.TestCodeReviewBilling" name="test_only_two_plans" time="0.002" /><testcase classname="backend.tests.test_iteration12.TestCodeReviewBilling" name="test_yearly_shows_as_monthly_equivalent" time="0.000" /><testcase classname="backend.tests.test_iteration12.TestCodeReviewBilling" name="test_billing_features_no_coach_personality" time="0.000" /><testcase classname="backend.tests.test_iteration12.TestCodeReviewBilling" name="test_billing_features_include_nutrition_social" time="0.000" /><testcase classname="backend.tests.test_iteration12.TestCodeReviewAppHeader" name="test_pro_badge_conditional_on_ispro" time="0.002" /><testcase classname="backend.tests.test_iteration12.TestCodeReviewAppHeader" name="test_pro_badge_uses_linear_gradient" time="0.000" /><testcase classname="backend.tests.test_iteration12.TestCodeReviewWorkoutHub" name="test_handle_edit_workout_checks_ispro" time="0.011" /><testcase classname="backend.tests.test_iteration12.TestCodeReviewWorkouts" name="test_edit_plan_button_gated" time="0.027" /><testcase classname="backend.tests.test_iteration12.TestCodeReviewWorkouts" name="test_view_all_weeks_modal_edit_gated" time="0.001" /><testcase classname="backend.tests.test_iteration12.TestCodeReviewIndex" name="test_index_view_all_weeks_modal_edit_gated" time="0.025" /><testcase classname="backend.tests.test_iteration12.TestCodeReviewAwardsStore" name="test_island_2_requires_20_badges" time="0.002" /><testcase classname="backend.tests.test_iteration12.TestCodeReviewAwardsStore" name="test_island_progression_uses_full_count" time="0.000"><failure message="AssertionError: Should NOT use 0.8 multiplier for island progression&#10;assert not &lt;re.Match object; span=(27040, 27072), match='currentIslandBadges.length * 0.8'&gt;">backend/tests/test_iteration12.py:333: in test_island_progression_uses_full_count
    assert not bad_match, "Should NOT use 0.8 multiplier for island progression"
E   AssertionError: Should NOT use 0.8 multiplier for island progression
E   assert not &lt;re.Match object; span=(27040, 27072), match='currentIslandBadges.length * 0.8'&gt;</failure></testcase><testcase classname="backend.tests.test_iteration12.TestCodeReviewPro" name="test_pro_features_no_coach_personality" time="0.002" /><testcase classname="backend.tests.test_iteration12.TestCodeReviewPro" name="test_plan_chips_only_monthly_and_yearly" time="0.000" /><testcase classname="backend.tests.test_iteration12.TestCodeReviewPro" name="test_price_from_6_25_mo" time="0.000" /></testsuite></testsuites>