<?xml version="1.0" encoding="utf-8"?><testsuites name="pytest tests"><testsuite name="pytest" errors="0" failures="0" skipped="0" tests="16" time="4.982" timestamp="2026-02-05T12:58:49.696458+00:00" hostname="agent-env-560e8b73-d0de-4ce1-963a-192821081d1c"><testcase classname="tests.test_bug_fixes_iteration6.TestHealthCheck" name="test_health_endpoint_returns_200" time="0.519" /><testcase classname="tests.test_bug_fixes_iteration6.TestHealthCheck" name="test_health_db_connection" time="0.139" /><testcase classname="tests.test_bug_fixes_iteration6.TestUserRegistration" name="test_registration_returns_access_token" time="0.343" /><testcase classname="tests.test_bug_fixes_iteration6.TestUserRegistration" name="test_registration_returns_user_data" time="0.000" /><testcase classname="tests.test_bug_fixes_iteration6.TestBadgeTracking" name="test_badge_track_requires_auth" time="0.040" /><testcase classname="tests.test_bug_fixes_iteration6.TestBadgeTracking" name="test_badge_track_coach_message_action" time="0.525" /><testcase classname="tests.test_bug_fixes_iteration6.TestBadgeTracking" name="test_badge_track_invalid_action" time="0.036" /><testcase classname="tests.test_bug_fixes_iteration6.TestBadgeTracking" name="test_badge_track_all_valid_actions" time="1.889" /><testcase classname="tests.test_bug_fixes_iteration6.TestWorkoutSummary" name="test_workout_summary_requires_auth" time="0.034" /><testcase classname="tests.test_bug_fixes_iteration6.TestWorkoutSummary" name="test_workout_summary_empty_workout" time="0.519" /><testcase classname="tests.test_bug_fixes_iteration6.TestWorkoutSummary" name="test_workout_summary_with_logged_performance" time="0.271" /><testcase classname="tests.test_bug_fixes_iteration6.TestExperienceLevelAPI" name="test_registration_stores_experience_level" time="0.267" /><testcase classname="tests.test_bug_fixes_iteration6.TestAPIEndpointAvailability" name="test_health_endpoint_available" time="0.136" /><testcase classname="tests.test_bug_fixes_iteration6.TestAPIEndpointAvailability" name="test_version_endpoint_available" time="0.035" /><testcase classname="tests.test_bug_fixes_iteration6.TestAPIEndpointAvailability" name="test_badges_track_endpoint_exists" time="0.035" /><testcase classname="tests.test_bug_fixes_iteration6.TestAPIEndpointAvailability" name="test_workout_summary_endpoint_exists" time="0.038" /></testsuite></testsuites>