<?xml version="1.0" encoding="utf-8"?><testsuites name="pytest tests"><testsuite name="pytest" errors="0" failures="0" skipped="0" tests="22" time="18.707" timestamp="2026-02-05T14:26:03.571870+00:00" hostname="agent-env-560e8b73-d0de-4ce1-963a-192821081d1c"><testcase classname="tests.test_iteration9_badges_stats.TestHealthAndBasics" name="test_01_health_check" time="0.493" /><testcase classname="tests.test_iteration9_badges_stats.TestBadgeSystem" name="test_02_badge_progress_requires_auth" time="0.037" /><testcase classname="tests.test_iteration9_badges_stats.TestBadgeSystem" name="test_03_badge_progress_for_new_user" time="0.924" /><testcase classname="tests.test_iteration9_badges_stats.TestBadgeSystem" name="test_04_badge_track_coach_message" time="0.911" /><testcase classname="tests.test_iteration9_badges_stats.TestBadgeSystem" name="test_05_badge_track_video_watched" time="0.905" /><testcase classname="tests.test_iteration9_badges_stats.TestBadgeSystem" name="test_06_badge_track_profile_edit" time="0.901" /><testcase classname="tests.test_iteration9_badges_stats.TestBadgeSystem" name="test_07_badge_track_badge_shared" time="0.913" /><testcase classname="tests.test_iteration9_badges_stats.TestBadgeSystem" name="test_08_badge_track_app_rated" time="0.931" /><testcase classname="tests.test_iteration9_badges_stats.TestBadgeSystem" name="test_09_badge_track_workout_edit" time="0.903" /><testcase classname="tests.test_iteration9_badges_stats.TestBadgeSystem" name="test_10_badge_track_extra_activity" time="0.901" /><testcase classname="tests.test_iteration9_badges_stats.TestBadgeSystem" name="test_11_badge_track_pr_broken" time="0.900" /><testcase classname="tests.test_iteration9_badges_stats.TestBadgeSystem" name="test_12_badge_track_invalid_action" time="0.712" /><testcase classname="tests.test_iteration9_badges_stats.TestBadgeSystem" name="test_13_badge_stats_after_tracking" time="2.214" /><testcase classname="tests.test_iteration9_badges_stats.TestBadgeSystem" name="test_14_save_badge_progress" time="1.024" /><testcase classname="tests.test_iteration9_badges_stats.TestBadgeSystem" name="test_15_load_saved_badge_progress" time="1.305" /><testcase classname="tests.test_iteration9_badges_stats.TestBadgeSystem" name="test_16_badge_reset" time="0.903" /><testcase classname="tests.test_iteration9_badges_stats.TestTrainingDays" name="test_17_training_days_stored_on_registration" time="0.808" /><testcase classname="tests.test_iteration9_badges_stats.TestExerciseStats" name="test_18_exercise_stats_requires_auth" time="0.034" /><testcase classname="tests.test_iteration9_badges_stats.TestExerciseStats" name="test_19_exercise_stats_returns_structure" time="0.905" /><testcase classname="tests.test_iteration9_badges_stats.TestExerciseStats" name="test_20_exercise_stats_with_history" time="1.119" /><testcase classname="tests.test_iteration9_badges_stats.TestFocusBreakdown" name="test_21_focus_breakdown_requires_auth" time="0.056" /><testcase classname="tests.test_iteration9_badges_stats.TestFocusBreakdown" name="test_22_focus_breakdown_returns_structure" time="0.815" /></testsuite></testsuites>