<?xml version="1.0" encoding="utf-8"?><testsuites name="pytest tests"><testsuite name="pytest" errors="0" failures="0" skipped="0" tests="11" time="9.165" timestamp="2026-01-14T18:26:02.814668+00:00" hostname="agent-env-e29df7c7-4b96-4f17-8f3c-22ed7a0d6755"><testcase classname="tests.test_p2_features.TestP2Authentication" name="test_login_returns_token" time="0.671" /><testcase classname="tests.test_p2_features.TestAcceptance1And2_CompleteWorkoutWithSummary" name="test_acceptance1_complete_workout_with_2_exercises_3_sets" time="1.615" /><testcase classname="tests.test_p2_features.TestAcceptance1And2_CompleteWorkoutWithSummary" name="test_acceptance2_workout_summary_shows_volume_greater_than_zero" time="0.840" /><testcase classname="tests.test_p2_features.TestAcceptance3_ExerciseDetailEndpoint" name="test_acceptance3_exercise_detail_returns_last_session" time="2.330" /><testcase classname="tests.test_p2_features.TestAcceptance3_ExerciseDetailEndpoint" name="test_acceptance3_exercise_detail_returns_pbs" time="0.236" /><testcase classname="tests.test_p2_features.TestAcceptance3_ExerciseDetailEndpoint" name="test_acceptance3_exercise_detail_returns_history" time="0.233" /><testcase classname="tests.test_p2_features.TestAcceptance4_StatsExercisesList" name="test_acceptance4_stats_exercises_returns_list_with_has_performed" time="0.605" /><testcase classname="tests.test_p2_features.TestAcceptance5_PinFromExerciseDetail" name="test_acceptance5_pin_exercise_from_detail_persists" time="1.872" /><testcase classname="tests.test_p2_features.TestExerciseDetailEdgeCases" name="test_exercise_detail_nonexistent_exercise" time="0.498" /><testcase classname="tests.test_p2_features.TestExerciseDetailEdgeCases" name="test_exercise_detail_without_auth" time="0.037" /><testcase classname="tests.test_p2_features.TestExerciseDetailEdgeCases" name="test_stats_exercises_without_auth" time="0.079" /></testsuite></testsuites>