<?xml version="1.0" encoding="utf-8"?><testsuites name="pytest tests"><testsuite name="pytest" errors="0" failures="0" skipped="0" tests="17" time="6.205" timestamp="2026-02-03T14:49:25.958021+00:00" hostname="agent-env-15ac7115-c57b-4c91-a62f-7ea82effea1d"><testcase classname="tests.test_data_persistence.TestQALogin" name="test_qa_login_intermediate_profile" time="3.368" /><testcase classname="tests.test_data_persistence.TestQALogin" name="test_qa_login_invalid_profile" time="0.002" /><testcase classname="tests.test_data_persistence.TestWorkoutSchedule" name="test_get_user_schedule_returns_workouts" time="0.204" /><testcase classname="tests.test_data_persistence.TestWorkoutSchedule" name="test_get_user_schedule_requires_auth" time="0.003" /><testcase classname="tests.test_data_persistence.TestWorkoutSchedule" name="test_get_user_schedule_requires_date_params" time="0.104" /><testcase classname="tests.test_data_persistence.TestBadgeTracking" name="test_track_coach_message" time="0.204" /><testcase classname="tests.test_data_persistence.TestBadgeTracking" name="test_track_coach_message_increments" time="0.613" /><testcase classname="tests.test_data_persistence.TestBadgeTracking" name="test_track_badge_shared" time="0.205" /><testcase classname="tests.test_data_persistence.TestBadgeTracking" name="test_track_video_watched" time="0.206" /><testcase classname="tests.test_data_persistence.TestBadgeTracking" name="test_track_profile_edit" time="0.205" /><testcase classname="tests.test_data_persistence.TestBadgeTracking" name="test_track_invalid_action" time="0.003" /><testcase classname="tests.test_data_persistence.TestBadgeTracking" name="test_track_requires_auth" time="0.002" /><testcase classname="tests.test_data_persistence.TestBadgeProgress" name="test_get_badge_progress" time="0.204" /><testcase classname="tests.test_data_persistence.TestBadgeProgress" name="test_get_badge_progress_requires_auth" time="0.002" /><testcase classname="tests.test_data_persistence.TestBadgeProgress" name="test_save_badge_progress" time="0.229" /><testcase classname="tests.test_data_persistence.TestBadgeProgress" name="test_save_badge_progress_persists" time="0.407" /><testcase classname="tests.test_data_persistence.TestHealthCheck" name="test_health_endpoint" time="0.103" /></testsuite></testsuites>