<?xml version="1.0" encoding="utf-8"?><testsuites name="pytest tests"><testsuite name="pytest" errors="0" failures="0" skipped="0" tests="10" time="22.440" timestamp="2026-02-04T12:26:16.053859+00:00" hostname="agent-env-95911bc8-8ab2-4402-a592-3e45209e002a"><testcase classname="tests.test_frontend_data_loading.TestQALoginDataLoading" name="test_qa_login_returns_user_with_workouts_count" time="4.022" /><testcase classname="tests.test_frontend_data_loading.TestQALoginDataLoading" name="test_fetch_week_workouts_returns_exercises" time="3.118" /><testcase classname="tests.test_frontend_data_loading.TestQALoginDataLoading" name="test_workout_exercises_structure" time="3.148" /><testcase classname="tests.test_frontend_data_loading.TestDataPersistenceAfterSignOut" name="test_data_persists_after_relogin" time="6.226" /><testcase classname="tests.test_frontend_data_loading.TestWorkoutDetailsModalDataPaths" name="test_exercises_at_top_level" time="0.000" /><testcase classname="tests.test_frontend_data_loading.TestWorkoutDetailsModalDataPaths" name="test_exercises_in_payload_json" time="0.000" /><testcase classname="tests.test_frontend_data_loading.TestWorkoutDetailsModalDataPaths" name="test_exercises_in_exercise_list" time="0.000" /><testcase classname="tests.test_frontend_data_loading.TestWorkoutDetailsModalDataPaths" name="test_priority_order" time="0.000" /><testcase classname="tests.test_frontend_data_loading.TestCompletedWorkoutsLoading" name="test_completed_workouts_endpoint" time="2.944" /><testcase classname="tests.test_frontend_data_loading.TestStatsLoading" name="test_stats_endpoint" time="2.924" /></testsuite></testsuites>