<?xml version="1.0" encoding="utf-8"?><testsuites name="pytest tests"><testsuite name="pytest" errors="0" failures="0" skipped="0" tests="8" time="5.487" timestamp="2026-01-14T17:42:31.141779+00:00" hostname="agent-env-e29df7c7-4b96-4f17-8f3c-22ed7a0d6755"><testcase classname="tests.test_p0_fixes.TestAuthentication" name="test_login_returns_token" time="0.662" /><testcase classname="tests.test_p0_fixes.TestWorkoutLogging" name="test_log_three_sets_same_workout_id" time="1.603" /><testcase classname="tests.test_p0_fixes.TestWorkoutLogging" name="test_workout_summary_shows_correct_stats" time="0.839" /><testcase classname="tests.test_p0_fixes.TestFavoritesPinning" name="test_put_favorites_persists_three_exercises" time="0.514" /><testcase classname="tests.test_p0_fixes.TestFavoritesPinning" name="test_get_favorites_returns_persisted_data" time="1.046" /><testcase classname="tests.test_p0_fixes.TestEdgeCases" name="test_favorites_max_three_limit" time="0.407" /><testcase classname="tests.test_p0_fixes.TestEdgeCases" name="test_workout_summary_nonexistent_workout" time="0.259" /><testcase classname="tests.test_p0_fixes.TestEdgeCases" name="test_log_set_without_auth" time="0.035" /></testsuite></testsuites>