<?xml version="1.0" encoding="utf-8"?><testsuites name="pytest tests"><testsuite name="pytest" errors="0" failures="9" skipped="0" tests="22" time="41.157" timestamp="2026-01-28T16:13:51.337398+00:00" hostname="agent-env-a4f89912-8f8c-4dcf-9cc1-4d879fbd7fed"><testcase classname="tests.test_coach_refactor.TestHealthEndpoint" name="test_health_endpoint_returns_ok" time="0.545" /><testcase classname="tests.test_coach_refactor.TestCoachAPIAuthentication" name="test_coach_chat_requires_auth" time="0.040" /><testcase classname="tests.test_coach_refactor.TestCoachReadOnlyBehavior" name="test_swap_workout_redirects_to_edit_plan" time="4.689"><failure message="AssertionError: Coach should redirect to Edit Plan. Got: i'm having trouble connecting right now. let's try again in a moment. #x1F4AA&#10;assert False&#10; +  where False = any(&lt;generator object TestCoachReadOnlyBehavior.test_swap_workout_redirects_to_edit_plan.&lt;locals&gt;.&lt;genexpr&gt; at 0xfa210c32cac0&gt;)">tests/test_coach_refactor.py:108: in test_swap_workout_redirects_to_edit_plan
    assert any(phrase in coach_response for phrase in [
E   AssertionError: Coach should redirect to Edit Plan. Got: i'm having trouble connecting right now. let's try again in a moment. #x1F4AA
E   assert False
E    +  where False = any(&lt;generator object TestCoachReadOnlyBehavior.test_swap_workout_redirects_to_edit_plan.&lt;locals&gt;.&lt;genexpr&gt; at 0xfa210c32cac0&gt;)</failure></testcase><testcase classname="tests.test_coach_refactor.TestCoachReadOnlyBehavior" name="test_skip_day_redirects_to_edit_plan" time="4.427"><failure message="AssertionError: Coach should redirect to Edit Plan. Got: i'm having trouble connecting right now. let's try again in a moment. #x1F4AA&#10;assert False&#10; +  where False = any(&lt;generator object TestCoachReadOnlyBehavior.test_skip_day_redirects_to_edit_plan.&lt;locals&gt;.&lt;genexpr&gt; at 0xfa210c32cba0&gt;)">tests/test_coach_refactor.py:125: in test_skip_day_redirects_to_edit_plan
    assert any(phrase in coach_response for phrase in [
E   AssertionError: Coach should redirect to Edit Plan. Got: i'm having trouble connecting right now. let's try again in a moment. #x1F4AA
E   assert False
E    +  where False = any(&lt;generator object TestCoachReadOnlyBehavior.test_skip_day_redirects_to_edit_plan.&lt;locals&gt;.&lt;genexpr&gt; at 0xfa210c32cba0&gt;)</failure></testcase><testcase classname="tests.test_coach_refactor.TestCoachReadOnlyBehavior" name="test_add_workout_redirects_to_edit_plan" time="4.502"><failure message="AssertionError: Coach should redirect to Edit Plan. Got: i'm having trouble connecting right now. let's try again in a moment. #x1F4AA&#10;assert False&#10; +  where False = any(&lt;generator object TestCoachReadOnlyBehavior.test_add_workout_redirects_to_edit_plan.&lt;locals&gt;.&lt;genexpr&gt; at 0xfa210c32d460&gt;)">tests/test_coach_refactor.py:142: in test_add_workout_redirects_to_edit_plan
    assert any(phrase in coach_response for phrase in [
E   AssertionError: Coach should redirect to Edit Plan. Got: i'm having trouble connecting right now. let's try again in a moment. #x1F4AA
E   assert False
E    +  where False = any(&lt;generator object TestCoachReadOnlyBehavior.test_add_workout_redirects_to_edit_plan.&lt;locals&gt;.&lt;genexpr&gt; at 0xfa210c32d460&gt;)</failure></testcase><testcase classname="tests.test_coach_refactor.TestCoachReadOnlyBehavior" name="test_feeling_energetic_redirects_to_edit_plan" time="2.736"><failure message="AssertionError: Coach should redirect to Edit Plan. Got: i'm having trouble connecting right now. let's try again in a moment. #x1F4AA&#10;assert False&#10; +  where False = any(&lt;generator object TestCoachReadOnlyBehavior.test_feeling_energetic_redirects_to_edit_plan.&lt;locals&gt;.&lt;genexpr&gt; at 0xfa210c32d620&gt;)">tests/test_coach_refactor.py:159: in test_feeling_energetic_redirects_to_edit_plan
    assert any(phrase in coach_response for phrase in [
E   AssertionError: Coach should redirect to Edit Plan. Got: i'm having trouble connecting right now. let's try again in a moment. #x1F4AA
E   assert False
E    +  where False = any(&lt;generator object TestCoachReadOnlyBehavior.test_feeling_energetic_redirects_to_edit_plan.&lt;locals&gt;.&lt;genexpr&gt; at 0xfa210c32d620&gt;)</failure></testcase><testcase classname="tests.test_coach_refactor.TestCoachReadOnlyBehavior" name="test_change_coach_redirects_to_profile" time="3.287"><failure message="AssertionError: Coach should redirect to Profile. Got: i'm having trouble connecting right now. let's try again in a moment. #x1F4AA&#10;assert False&#10; +  where False = any(&lt;generator object TestCoachReadOnlyBehavior.test_change_coach_redirects_to_profile.&lt;locals&gt;.&lt;genexpr&gt; at 0xfa210c32c2e0&gt;)">tests/test_coach_refactor.py:176: in test_change_coach_redirects_to_profile
    assert any(phrase in coach_response for phrase in [
E   AssertionError: Coach should redirect to Profile. Got: i'm having trouble connecting right now. let's try again in a moment. #x1F4AA
E   assert False
E    +  where False = any(&lt;generator object TestCoachReadOnlyBehavior.test_change_coach_redirects_to_profile.&lt;locals&gt;.&lt;genexpr&gt; at 0xfa210c32c2e0&gt;)</failure></testcase><testcase classname="tests.test_coach_refactor.TestCoachWittyResponses" name="test_non_fitness_question_gets_witty_redirect" time="0.350" /><testcase classname="tests.test_coach_refactor.TestCoachWittyResponses" name="test_weather_question_redirects_to_fitness" time="2.766"><failure message="AssertionError: Coach should redirect to fitness topics. Got: i'm having trouble connecting right now. let's try again in a moment. #x1F4AA&#10;assert False&#10; +  where False = any(&lt;generator object TestCoachWittyResponses.test_weather_question_redirects_to_fitness.&lt;locals&gt;.&lt;genexpr&gt; at 0xfa210c32dd20&gt;)">tests/test_coach_refactor.py:243: in test_weather_question_redirects_to_fitness
    assert any(phrase in coach_response for phrase in [
E   AssertionError: Coach should redirect to fitness topics. Got: i'm having trouble connecting right now. let's try again in a moment. #x1F4AA
E   assert False
E    +  where False = any(&lt;generator object TestCoachWittyResponses.test_weather_question_redirects_to_fitness.&lt;locals&gt;.&lt;genexpr&gt; at 0xfa210c32dd20&gt;)</failure></testcase><testcase classname="tests.test_coach_refactor.TestCoachWittyResponses" name="test_random_question_redirects_to_fitness" time="3.114"><failure message="AssertionError: Coach should redirect to fitness topics. Got: i'm having trouble connecting right now. let's try again in a moment. #x1F4AA&#10;assert False&#10; +  where False = any(&lt;generator object TestCoachWittyResponses.test_random_question_redirects_to_fitness.&lt;locals&gt;.&lt;genexpr&gt; at 0xfa210c32d2a0&gt;)">tests/test_coach_refactor.py:260: in test_random_question_redirects_to_fitness
    assert any(phrase in coach_response for phrase in [
E   AssertionError: Coach should redirect to fitness topics. Got: i'm having trouble connecting right now. let's try again in a moment. #x1F4AA
E   assert False
E    +  where False = any(&lt;generator object TestCoachWittyResponses.test_random_question_redirects_to_fitness.&lt;locals&gt;.&lt;genexpr&gt; at 0xfa210c32d2a0&gt;)</failure></testcase><testcase classname="tests.test_coach_refactor.TestCoachNoProfanity" name="test_normal_response_no_profanity" time="3.154" /><testcase classname="tests.test_coach_refactor.TestCoachNoProfanity" name="test_provocative_input_no_profanity_response" time="2.819" /><testcase classname="tests.test_coach_refactor.TestCoachNoProfanity" name="test_frustration_input_no_profanity_response" time="2.766" /><testcase classname="tests.test_coach_refactor.TestCoachDirectsToAppSections" name="test_workout_modification_directs_to_edit_plan" time="2.872"><failure message="AssertionError: Should direct to Edit Plan. Got: i'm having trouble connecting right now. let's try again in a moment. #x1F4AA&#10;assert False&#10; +  where False = any(&lt;generator object TestCoachDirectsToAppSections.test_workout_modification_directs_to_edit_plan.&lt;locals&gt;.&lt;genexpr&gt; at 0xfa210c32e7a0&gt;)">tests/test_coach_refactor.py:400: in test_workout_modification_directs_to_edit_plan
    assert any(phrase in coach_response for phrase in [
E   AssertionError: Should direct to Edit Plan. Got: i'm having trouble connecting right now. let's try again in a moment. #x1F4AA
E   assert False
E    +  where False = any(&lt;generator object TestCoachDirectsToAppSections.test_workout_modification_directs_to_edit_plan.&lt;locals&gt;.&lt;genexpr&gt; at 0xfa210c32e7a0&gt;)</failure></testcase><testcase classname="tests.test_coach_refactor.TestCoachDirectsToAppSections" name="test_profile_change_directs_to_profile" time="2.868"><failure message="AssertionError: Should direct to Profile. Got: i'm having trouble connecting right now. let's try again in a moment. #x1F4AA&#10;assert False&#10; +  where False = any(&lt;generator object TestCoachDirectsToAppSections.test_profile_change_directs_to_profile.&lt;locals&gt;.&lt;genexpr&gt; at 0xfa210c32d380&gt;)">tests/test_coach_refactor.py:417: in test_profile_change_directs_to_profile
    assert any(phrase in coach_response for phrase in [
E   AssertionError: Should direct to Profile. Got: i'm having trouble connecting right now. let's try again in a moment. #x1F4AA
E   assert False
E    +  where False = any(&lt;generator object TestCoachDirectsToAppSections.test_profile_change_directs_to_profile.&lt;locals&gt;.&lt;genexpr&gt; at 0xfa210c32d380&gt;)</failure></testcase><testcase classname="tests.test_coach_refactor.TestOnboardingStepsVerification" name="test_onboarding_file_exists" time="0.000" /><testcase classname="tests.test_coach_refactor.TestOnboardingStepsVerification" name="test_no_nutrition_goals_step" time="0.002" /><testcase classname="tests.test_coach_refactor.TestOnboardingStepsVerification" name="test_no_coaching_step" time="0.000" /><testcase classname="tests.test_coach_refactor.TestOnboardingStepsVerification" name="test_onboarding_steps_count" time="0.001" /><testcase classname="tests.test_coach_refactor.TestCoachServiceCodeReview" name="test_coach_service_has_critical_rules" time="0.004" /><testcase classname="tests.test_coach_refactor.TestCoachServiceCodeReview" name="test_coach_service_has_witty_responses" time="0.000" /><testcase classname="tests.test_coach_refactor.TestCoachServiceCodeReview" name="test_floating_coach_button_has_modification_keywords" time="0.001" /></testsuite></testsuites>