<?xml version="1.0" encoding="utf-8"?><testsuites name="pytest tests"><testsuite name="pytest" errors="0" failures="1" skipped="0" tests="14" time="31.767" timestamp="2026-02-12T15:45:42.574086+00:00" hostname="agent-env-002c574f-8d2d-42c3-b43a-ba83ef7ad305"><testcase classname="backend.tests.test_thryvin_api.TestHealthEndpoint" name="test_health_check_returns_ok" time="0.715" /><testcase classname="backend.tests.test_thryvin_api.TestAuthEndpoints" name="test_login_with_valid_credentials" time="0.368" /><testcase classname="backend.tests.test_thryvin_api.TestAuthEndpoints" name="test_login_with_invalid_credentials" time="0.338" /><testcase classname="backend.tests.test_thryvin_api.TestAuthEndpoints" name="test_get_me_with_bearer_token" time="0.879" /><testcase classname="backend.tests.test_thryvin_api.TestExerciseEndpoints" name="test_get_exercises_by_name" time="0.946"><failure message="AssertionError: Response should be an array&#10;assert False&#10; +  where False = isinstance({'exercises': [{'bodyPart': 'full', 'category': 'cardio', 'description': None, 'difficulty': 'Beginner', ...}, {'bodyPart': 'back', 'category': 'upper-body', 'description': None, 'difficulty': 'Beginner', ...}, {'bodyPart': 'legs', 'category': 'lower-body', 'description': None, 'difficulty': 'Beginner', ...}, {'bodyPart': 'core', 'category': 'core', 'description': 'Lower abdominal strengthening', 'difficulty': 'Intermediate', ...}, {'bodyPart': 'arms', 'category': 'upper-body', 'description': 'Bodyweight tricep exercise', 'difficulty': 'Intermediate', ...}, {'bodyPart': 'chest', 'category': 'upper-body', 'description': None, 'difficulty': 'Beginner', ...}, ...], 'total': 1806, 'totalInDatabase': 1806}, list)">backend/tests/test_thryvin_api.py:113: in test_get_exercises_by_name
    assert isinstance(data, list), "Response should be an array"
E   AssertionError: Response should be an array
E   assert False
E    +  where False = isinstance({'exercises': [{'bodyPart': 'full', 'category': 'cardio', 'description': None, 'difficulty': 'Beginner', ...}, {'bodyPart': 'back', 'category': 'upper-body', 'description': None, 'difficulty': 'Beginner', ...}, {'bodyPart': 'legs', 'category': 'lower-body', 'description': None, 'difficulty': 'Beginner', ...}, {'bodyPart': 'core', 'category': 'core', 'description': 'Lower abdominal strengthening', 'difficulty': 'Intermediate', ...}, {'bodyPart': 'arms', 'category': 'upper-body', 'description': 'Bodyweight tricep exercise', 'difficulty': 'Intermediate', ...}, {'bodyPart': 'chest', 'category': 'upper-body', 'description': None, 'difficulty': 'Beginner', ...}, ...], 'total': 1806, 'totalInDatabase': 1806}, list)</failure></testcase><testcase classname="backend.tests.test_thryvin_api.TestCoachChatEndpoints" name="test_coach_fitness_question_specific_response" time="10.440" /><testcase classname="backend.tests.test_thryvin_api.TestCoachChatEndpoints" name="test_coach_non_fitness_question_clever_response" time="4.812" /><testcase classname="backend.tests.test_thryvin_api.TestCoachChatEndpoints" name="test_coach_mental_health_empathetic_response" time="7.287" /><testcase classname="backend.tests.test_thryvin_api.TestCoachChatEndpoints" name="test_coach_greeting_warm_response" time="2.666" /><testcase classname="backend.tests.test_thryvin_api.TestBadgeEndpoints" name="test_badge_stats_with_auth" time="0.996" /><testcase classname="backend.tests.test_thryvin_api.TestBadgeEndpoints" name="test_badge_stats_requires_auth" time="0.171" /><testcase classname="backend.tests.test_thryvin_api.TestWorkoutEndpoints" name="test_rolling_regeneration_endpoint_exists" time="0.638" /><testcase classname="backend.tests.test_thryvin_api.TestWorkoutEndpoints" name="test_user_schedule_with_auth" time="0.717" /><testcase classname="backend.tests.test_thryvin_api.TestStatsEndpoints" name="test_stats_summary_with_auth" time="0.613" /></testsuite></testsuites>