<?xml version="1.0" encoding="utf-8"?><testsuites name="pytest tests"><testsuite name="pytest" errors="0" failures="0" skipped="0" tests="14" time="3.907" timestamp="2026-03-18T14:18:05.012424+00:00" hostname="agent-env-aa7ac93a-6546-4bf0-8a92-757e74df1361"><testcase classname="backend.tests.test_data_persistence_prefs.TestAuthentication" name="test_login_returns_access_token" time="0.623" /><testcase classname="backend.tests.test_data_persistence_prefs.TestAuthentication" name="test_login_invalid_credentials" time="0.225" /><testcase classname="backend.tests.test_data_persistence_prefs.TestExercisePreferencesPUT" name="test_put_preferences_requires_auth" time="0.003" /><testcase classname="backend.tests.test_data_persistence_prefs.TestExercisePreferencesPUT" name="test_put_preferences_with_bearer_token" time="0.482" /><testcase classname="backend.tests.test_data_persistence_prefs.TestExercisePreferencesPUT" name="test_put_empty_preferences" time="0.226" /><testcase classname="backend.tests.test_data_persistence_prefs.TestExercisePreferencesGET" name="test_get_preferences_requires_auth" time="0.002" /><testcase classname="backend.tests.test_data_persistence_prefs.TestExercisePreferencesGET" name="test_get_preferences_with_bearer_token" time="0.224" /><testcase classname="backend.tests.test_data_persistence_prefs.TestPreferencesPersistence" name="test_preferences_persist_across_requests" time="0.450" /><testcase classname="backend.tests.test_data_persistence_prefs.TestCoachNudges" name="test_nudges_requires_auth" time="0.003" /><testcase classname="backend.tests.test_data_persistence_prefs.TestCoachNudges" name="test_nudges_with_bearer_token" time="0.226" /><testcase classname="backend.tests.test_data_persistence_prefs.TestCoachNudges" name="test_nudges_with_workout_hub_location" time="0.226" /><testcase classname="backend.tests.test_data_persistence_prefs.TestExercisesEndpoint" name="test_exercises_without_auth" time="0.790" /><testcase classname="backend.tests.test_data_persistence_prefs.TestExercisesEndpoint" name="test_exercises_with_search_filter" time="0.240" /><testcase classname="backend.tests.test_data_persistence_prefs.TestHealthCheck" name="test_health_endpoint" time="0.114" /></testsuite></testsuites>