<?xml version="1.0" encoding="utf-8"?><testsuites name="pytest tests"><testsuite name="pytest" errors="0" failures="0" skipped="0" tests="14" time="30.491" timestamp="2026-02-12T15:46:26.301769+00:00" hostname="agent-env-002c574f-8d2d-42c3-b43a-ba83ef7ad305"><testcase classname="backend.tests.test_thryvin_api.TestHealthEndpoint" name="test_health_check_returns_ok" time="0.620" /><testcase classname="backend.tests.test_thryvin_api.TestAuthEndpoints" name="test_login_with_valid_credentials" time="0.356" /><testcase classname="backend.tests.test_thryvin_api.TestAuthEndpoints" name="test_login_with_invalid_credentials" time="0.334" /><testcase classname="backend.tests.test_thryvin_api.TestAuthEndpoints" name="test_get_me_with_bearer_token" time="0.729" /><testcase classname="backend.tests.test_thryvin_api.TestExerciseEndpoints" name="test_get_exercises_by_name" time="0.828" /><testcase classname="backend.tests.test_thryvin_api.TestCoachChatEndpoints" name="test_coach_fitness_question_specific_response" time="8.300" /><testcase classname="backend.tests.test_thryvin_api.TestCoachChatEndpoints" name="test_coach_non_fitness_question_clever_response" time="4.094" /><testcase classname="backend.tests.test_thryvin_api.TestCoachChatEndpoints" name="test_coach_mental_health_empathetic_response" time="9.743" /><testcase classname="backend.tests.test_thryvin_api.TestCoachChatEndpoints" name="test_coach_greeting_warm_response" time="2.598" /><testcase classname="backend.tests.test_thryvin_api.TestBadgeEndpoints" name="test_badge_stats_with_auth" time="0.819" /><testcase classname="backend.tests.test_thryvin_api.TestBadgeEndpoints" name="test_badge_stats_requires_auth" time="0.126" /><testcase classname="backend.tests.test_thryvin_api.TestWorkoutEndpoints" name="test_rolling_regeneration_endpoint_exists" time="0.593" /><testcase classname="backend.tests.test_thryvin_api.TestWorkoutEndpoints" name="test_user_schedule_with_auth" time="0.741" /><testcase classname="backend.tests.test_thryvin_api.TestStatsEndpoints" name="test_stats_summary_with_auth" time="0.542" /></testsuite></testsuites>