<?xml version="1.0" encoding="utf-8"?><testsuites name="pytest tests"><testsuite name="pytest" errors="0" failures="0" skipped="0" tests="19" time="82.979" timestamp="2026-02-05T13:27:50.733468+00:00" hostname="agent-env-560e8b73-d0de-4ce1-963a-192821081d1c"><testcase classname="tests.test_ai_coach_helpfulness.TestAICoachHelpfulness" name="test_health_check" time="0.515" /><testcase classname="tests.test_ai_coach_helpfulness.TestAICoachHelpfulness" name="test_coach_chat_returns_required_fields" time="2.662" /><testcase classname="tests.test_ai_coach_helpfulness.TestAICoachHelpfulness" name="test_coach_chat_requires_auth" time="0.041" /><testcase classname="tests.test_ai_coach_helpfulness.TestAICoachHelpfulness" name="test_coach_answers_max_bench_question" time="7.009" /><testcase classname="tests.test_ai_coach_helpfulness.TestAICoachHelpfulness" name="test_coach_answers_max_squat_question" time="2.320" /><testcase classname="tests.test_ai_coach_helpfulness.TestAICoachHelpfulness" name="test_coach_gives_specific_workout_advice" time="6.624" /><testcase classname="tests.test_ai_coach_helpfulness.TestAICoachHelpfulness" name="test_coach_gives_weight_progression_advice" time="4.731" /><testcase classname="tests.test_ai_coach_helpfulness.TestAICoachHelpfulness" name="test_coach_gives_detailed_form_tips" time="7.414" /><testcase classname="tests.test_ai_coach_helpfulness.TestAICoachHelpfulness" name="test_coach_gives_squat_form_tips" time="6.610" /><testcase classname="tests.test_ai_coach_helpfulness.TestAICoachHelpfulness" name="test_coach_gives_specific_nutrition_advice" time="4.250" /><testcase classname="tests.test_ai_coach_helpfulness.TestAICoachHelpfulness" name="test_coach_gives_calorie_advice" time="5.944" /><testcase classname="tests.test_ai_coach_helpfulness.TestAICoachHelpfulness" name="test_titan_coach_specialty" time="9.006" /><testcase classname="tests.test_ai_coach_helpfulness.TestAICoachHelpfulness" name="test_kai_coach_specialty" time="13.112" /><testcase classname="tests.test_ai_coach_helpfulness.TestAICoachHelpfulness" name="test_lumi_coach_specialty" time="7.941" /><testcase classname="tests.test_ai_coach_helpfulness.TestAICoachHelpfulness" name="test_coach_redirects_non_fitness_questions" time="2.809" /><testcase classname="tests.test_ai_coach_helpfulness.TestLogSetEndpoint" name="test_log_set_requires_auth" time="0.036" /><testcase classname="tests.test_ai_coach_helpfulness.TestLogSetEndpoint" name="test_log_set_success" time="0.700" /><testcase classname="tests.test_ai_coach_helpfulness.TestLogSetEndpoint" name="test_log_set_with_difficulty" time="0.534" /><testcase classname="tests.test_ai_coach_helpfulness.TestLogSetEndpoint" name="test_log_set_with_note" time="0.537" /></testsuite></testsuites>