<?xml version="1.0" encoding="utf-8"?><testsuites name="pytest tests"><testsuite name="pytest" errors="0" failures="0" skipped="0" tests="20" time="16.802" timestamp="2026-02-05T13:59:14.180345+00:00" hostname="agent-env-560e8b73-d0de-4ce1-963a-192821081d1c"><testcase classname="tests.test_badges_and_training_days.TestBadgesAndTrainingDays" name="test_01_health_check" time="0.603" /><testcase classname="tests.test_badges_and_training_days.TestBadgesAndTrainingDays" name="test_02_register_with_training_days" time="0.318" /><testcase classname="tests.test_badges_and_training_days.TestBadgesAndTrainingDays" name="test_03_login_success" time="0.618" /><testcase classname="tests.test_badges_and_training_days.TestBadgesAndTrainingDays" name="test_04_badges_initialized_for_new_user" time="0.949" /><testcase classname="tests.test_badges_and_training_days.TestBadgesAndTrainingDays" name="test_05_track_coach_message" time="0.926" /><testcase classname="tests.test_badges_and_training_days.TestBadgesAndTrainingDays" name="test_06_badge_stats_after_tracking" time="1.975" /><testcase classname="tests.test_badges_and_training_days.TestBadgesAndTrainingDays" name="test_07_track_video_watched" time="0.932" /><testcase classname="tests.test_badges_and_training_days.TestBadgesAndTrainingDays" name="test_08_track_profile_edit" time="0.905" /><testcase classname="tests.test_badges_and_training_days.TestBadgesAndTrainingDays" name="test_09_track_badge_shared" time="0.927" /><testcase classname="tests.test_badges_and_training_days.TestBadgesAndTrainingDays" name="test_10_track_invalid_action" time="0.728" /><testcase classname="tests.test_badges_and_training_days.TestBadgesAndTrainingDays" name="test_11_save_badge_progress" time="1.112" /><testcase classname="tests.test_badges_and_training_days.TestBadgesAndTrainingDays" name="test_12_load_saved_badge_progress" time="1.336" /><testcase classname="tests.test_badges_and_training_days.TestBadgesAndTrainingDays" name="test_13_generate_week_uses_training_days" time="0.730" /><testcase classname="tests.test_badges_and_training_days.TestBadgesAndTrainingDays" name="test_14_user_profile_contains_training_days" time="0.705" /><testcase classname="tests.test_badges_and_training_days.TestBadgesAndTrainingDays" name="test_15_badge_reset" time="1.513" /><testcase classname="tests.test_badges_and_training_days.TestBadgesAndTrainingDays" name="test_16_badges_progress_requires_auth" time="0.046" /><testcase classname="tests.test_badges_and_training_days.TestBadgesAndTrainingDays" name="test_17_badges_track_requires_auth" time="0.034" /><testcase classname="tests.test_badges_and_training_days.TestBadgesAndTrainingDays" name="test_18_badges_stats_requires_auth" time="0.040" /><testcase classname="tests.test_badges_and_training_days.TestWorkoutCompletionBadges" name="test_01_log_workout_set" time="1.223" /><testcase classname="tests.test_badges_and_training_days.TestWorkoutCompletionBadges" name="test_02_complete_workout_updates_stats" time="1.006" /></testsuite></testsuites>