<?xml version="1.0" encoding="utf-8"?><testsuites name="pytest tests"><testsuite name="pytest" errors="0" failures="1" skipped="0" tests="22" time="19.253" timestamp="2026-02-05T14:24:54.442188+00:00" hostname="agent-env-560e8b73-d0de-4ce1-963a-192821081d1c"><testcase classname="tests.test_iteration9_badges_stats.TestHealthAndBasics" name="test_01_health_check" time="0.575" /><testcase classname="tests.test_iteration9_badges_stats.TestBadgeSystem" name="test_02_badge_progress_requires_auth" time="0.043" /><testcase classname="tests.test_iteration9_badges_stats.TestBadgeSystem" name="test_03_badge_progress_for_new_user" time="1.017" /><testcase classname="tests.test_iteration9_badges_stats.TestBadgeSystem" name="test_04_badge_track_coach_message" time="0.948" /><testcase classname="tests.test_iteration9_badges_stats.TestBadgeSystem" name="test_05_badge_track_video_watched" time="0.930" /><testcase classname="tests.test_iteration9_badges_stats.TestBadgeSystem" name="test_06_badge_track_profile_edit" time="0.931" /><testcase classname="tests.test_iteration9_badges_stats.TestBadgeSystem" name="test_07_badge_track_badge_shared" time="0.919" /><testcase classname="tests.test_iteration9_badges_stats.TestBadgeSystem" name="test_08_badge_track_app_rated" time="0.940" /><testcase classname="tests.test_iteration9_badges_stats.TestBadgeSystem" name="test_09_badge_track_workout_edit" time="0.923" /><testcase classname="tests.test_iteration9_badges_stats.TestBadgeSystem" name="test_10_badge_track_extra_activity" time="0.916" /><testcase classname="tests.test_iteration9_badges_stats.TestBadgeSystem" name="test_11_badge_track_pr_broken" time="0.922" /><testcase classname="tests.test_iteration9_badges_stats.TestBadgeSystem" name="test_12_badge_track_invalid_action" time="0.730" /><testcase classname="tests.test_iteration9_badges_stats.TestBadgeSystem" name="test_13_badge_stats_after_tracking" time="2.290" /><testcase classname="tests.test_iteration9_badges_stats.TestBadgeSystem" name="test_14_save_badge_progress" time="1.042" /><testcase classname="tests.test_iteration9_badges_stats.TestBadgeSystem" name="test_15_load_saved_badge_progress" time="1.323" /><testcase classname="tests.test_iteration9_badges_stats.TestBadgeSystem" name="test_16_badge_reset" time="0.930" /><testcase classname="tests.test_iteration9_badges_stats.TestTrainingDays" name="test_17_training_days_stored_on_registration" time="0.717"><failure message="AssertionError: Get profile failed: {&quot;error&quot;:&quot;API endpoint not found&quot;}&#10;assert 404 == 200&#10; +  where 404 = &lt;Response [404]&gt;.status_code">tests/test_iteration9_badges_stats.py:430: in test_17_training_days_stored_on_registration
    assert response.status_code == 200, f"Get profile failed: {response.text}"
E   AssertionError: Get profile failed: {"error":"API endpoint not found"}
E   assert 404 == 200
E    +  where 404 = &lt;Response [404]&gt;.status_code</failure></testcase><testcase classname="tests.test_iteration9_badges_stats.TestExerciseStats" name="test_18_exercise_stats_requires_auth" time="0.034" /><testcase classname="tests.test_iteration9_badges_stats.TestExerciseStats" name="test_19_exercise_stats_returns_structure" time="0.925" /><testcase classname="tests.test_iteration9_badges_stats.TestExerciseStats" name="test_20_exercise_stats_with_history" time="1.130" /><testcase classname="tests.test_iteration9_badges_stats.TestFocusBreakdown" name="test_21_focus_breakdown_requires_auth" time="0.055" /><testcase classname="tests.test_iteration9_badges_stats.TestFocusBreakdown" name="test_22_focus_breakdown_returns_structure" time="0.819" /></testsuite></testsuites>